2021-07-08 08:34:06.111  INFO 7724 --- [restartedMain] c.s.lawnngarden.demo.DemoApplication     : Starting DemoApplication using Java 11.0.10 on DESKTOP-SEJ2LSA with PID 7724 (C:\Code\Internship\LawnNgarden\target\classes started by jiami in C:\Code\Internship\LawnNgarden)
2021-07-08 08:34:06.126  INFO 7724 --- [restartedMain] c.s.lawnngarden.demo.DemoApplication     : The following profiles are active: dev
2021-07-08 08:34:06.226  INFO 7724 --- [restartedMain] .e.DevToolsPropertyDefaultsPostProcessor : Devtools property defaults active! Set 'spring.devtools.add-properties' to 'false' to disable
2021-07-08 08:34:06.227  INFO 7724 --- [restartedMain] .e.DevToolsPropertyDefaultsPostProcessor : For additional web related logging consider setting the 'logging.level.web' property to 'DEBUG'
2021-07-08 08:34:07.549  INFO 7724 --- [restartedMain] .s.d.r.c.RepositoryConfigurationDelegate : Bootstrapping Spring Data JPA repositories in DEFAULT mode.
2021-07-08 08:34:07.670  INFO 7724 --- [restartedMain] .s.d.r.c.RepositoryConfigurationDelegate : Finished Spring Data repository scanning in 101 ms. Found 1 JPA repository interfaces.
2021-07-08 08:34:09.967  INFO 7724 --- [restartedMain] o.s.b.w.embedded.tomcat.TomcatWebServer  : Tomcat initialized with port(s): 8080 (http)
2021-07-08 08:34:10.005  INFO 7724 --- [restartedMain] o.apache.catalina.core.StandardService   : Starting service [Tomcat]
2021-07-08 08:34:10.008  INFO 7724 --- [restartedMain] org.apache.catalina.core.StandardEngine  : Starting Servlet engine: [Apache Tomcat/9.0.48]
2021-07-08 08:34:10.224  INFO 7724 --- [restartedMain] o.a.c.c.C.[Tomcat].[localhost].[/]       : Initializing Spring embedded WebApplicationContext
2021-07-08 08:34:10.225  INFO 7724 --- [restartedMain] w.s.c.ServletWebServerApplicationContext : Root WebApplicationContext: initialization completed in 3996 ms
2021-07-08 08:34:10.567  INFO 7724 --- [restartedMain] o.hibernate.jpa.internal.util.LogHelper  : HHH000204: Processing PersistenceUnitInfo [name: default]
2021-07-08 08:34:10.665  INFO 7724 --- [restartedMain] org.hibernate.Version                    : HHH000412: Hibernate ORM core version 5.4.32.Final
2021-07-08 08:34:10.966  INFO 7724 --- [restartedMain] o.hibernate.annotations.common.Version   : HCANN000001: Hibernate Commons Annotations {5.1.2.Final}
2021-07-08 08:34:11.136  INFO 7724 --- [restartedMain] com.zaxxer.hikari.HikariDataSource       : HikariPool-1 - Starting...
2021-07-08 08:34:12.840  INFO 7724 --- [restartedMain] com.zaxxer.hikari.HikariDataSource       : HikariPool-1 - Start completed.
2021-07-08 08:34:12.912  INFO 7724 --- [restartedMain] org.hibernate.dialect.Dialect            : HHH000400: Using dialect: org.hibernate.dialect.PostgreSQL10Dialect
2021-07-08 08:34:15.112  INFO 7724 --- [restartedMain] o.h.e.t.j.p.i.JtaPlatformInitiator       : HHH000490: Using JtaPlatform implementation: [org.hibernate.engine.transaction.jta.platform.internal.NoJtaPlatform]
2021-07-08 08:34:15.131  INFO 7724 --- [restartedMain] j.LocalContainerEntityManagerFactoryBean : Initialized JPA EntityManagerFactory for persistence unit 'default'
2021-07-08 08:34:15.896  WARN 7724 --- [restartedMain] JpaBaseConfiguration$JpaWebConfiguration : spring.jpa.open-in-view is enabled by default. Therefore, database queries may be performed during view rendering. Explicitly configure spring.jpa.open-in-view to disable this warning
2021-07-08 08:34:16.247  INFO 7724 --- [restartedMain] o.s.b.a.w.s.WelcomePageHandlerMapping    : Adding welcome page template: index
2021-07-08 08:34:16.544  INFO 7724 --- [restartedMain] o.s.b.d.a.OptionalLiveReloadServer       : LiveReload server is running on port 35729
2021-07-08 08:34:16.606  INFO 7724 --- [restartedMain] o.s.b.w.embedded.tomcat.TomcatWebServer  : Tomcat started on port(s): 8080 (http) with context path ''
2021-07-08 08:34:16.627  INFO 7724 --- [restartedMain] c.s.lawnngarden.demo.DemoApplication     : Started DemoApplication in 12.142 seconds (JVM running for 13.033)
2021-07-08 08:34:29.810  INFO 7724 --- [http-nio-8080-exec-1] o.a.c.c.C.[Tomcat].[localhost].[/]       : Initializing Spring DispatcherServlet 'dispatcherServlet'
2021-07-08 08:34:29.813  INFO 7724 --- [http-nio-8080-exec-1] o.s.web.servlet.DispatcherServlet        : Initializing Servlet 'dispatcherServlet'
2021-07-08 08:34:29.815  INFO 7724 --- [http-nio-8080-exec-1] o.s.web.servlet.DispatcherServlet        : Completed initialization in 2 ms
2021-07-08 08:34:30.480  WARN 7724 --- [http-nio-8080-exec-1] o.a.c.util.SessionIdGeneratorBase        : Creation of SecureRandom instance for session ID generation using [SHA1PRNG] took [617] milliseconds.
2021-07-08 08:34:49.595  INFO 7724 --- [SpringApplicationShutdownHook] j.LocalContainerEntityManagerFactoryBean : Closing JPA EntityManagerFactory for persistence unit 'default'
2021-07-08 08:34:49.603  INFO 7724 --- [SpringApplicationShutdownHook] com.zaxxer.hikari.HikariDataSource       : HikariPool-1 - Shutdown initiated...
2021-07-08 08:34:50.616  INFO 7724 --- [SpringApplicationShutdownHook] com.zaxxer.hikari.HikariDataSource       : HikariPool-1 - Shutdown completed.
